\BOOKMARK [0][-]{chapter.1}{\376\377\000C\000l\000a\000s\000s\000\040\000I\000n\000d\000e\000x}{}
\BOOKMARK [1][-]{section.1.1}{\376\377\000C\000l\000a\000s\000s\000\040\000H\000i\000e\000r\000a\000r\000c\000h\000y}{chapter.1}
\BOOKMARK [0][-]{chapter.2}{\376\377\000C\000l\000a\000s\000s\000\040\000I\000n\000d\000e\000x}{}
\BOOKMARK [1][-]{section.2.1}{\376\377\000C\000l\000a\000s\000s\000\040\000L\000i\000s\000t}{chapter.2}
\BOOKMARK [0][-]{chapter.3}{\376\377\000C\000l\000a\000s\000s\000\040\000D\000o\000c\000u\000m\000e\000n\000t\000a\000t\000i\000o\000n}{}
\BOOKMARK [1][-]{section.3.1}{\376\377\000D\000a\000t\000a\000P\000l\000o\000t\000\040\000C\000l\000a\000s\000s\000\040\000R\000e\000f\000e\000r\000e\000n\000c\000e}{chapter.3}
\BOOKMARK [2][-]{subsection.3.1.1}{\376\377\000M\000e\000m\000b\000e\000r\000\040\000F\000u\000n\000c\000t\000i\000o\000n\000\040\000D\000o\000c\000u\000m\000e\000n\000t\000a\000t\000i\000o\000n}{section.3.1}
\BOOKMARK [3][-]{subsubsection.3.1.1.1}{\376\377\000d\000i\000s\000c\000o\000n\000n\000e\000c\000t\000e\000d}{subsection.3.1.1}
\BOOKMARK [3][-]{subsubsection.3.1.1.2}{\376\377\000n\000e\000w\000R\000e\000a\000d\000i\000n\000g}{subsection.3.1.1}
\BOOKMARK [3][-]{subsubsection.3.1.1.3}{\376\377\000s\000e\000t\000I\000d}{subsection.3.1.1}
\BOOKMARK [3][-]{subsubsection.3.1.1.4}{\376\377\000s\000e\000t\000M\000i\000n\000R\000a\000n\000g\000e}{subsection.3.1.1}
\BOOKMARK [3][-]{subsubsection.3.1.1.5}{\376\377\000s\000e\000t\000R\000a\000n\000g\000e}{subsection.3.1.1}
\BOOKMARK [3][-]{subsubsection.3.1.1.6}{\376\377\000s\000e\000t\000S\000o\000u\000r\000c\000e}{subsection.3.1.1}
\BOOKMARK [3][-]{subsubsection.3.1.1.7}{\376\377\000s\000e\000t\000T\000i\000m\000e\000r\000I\000n\000t\000e\000r\000v\000a\000l}{subsection.3.1.1}
\BOOKMARK [3][-]{subsubsection.3.1.1.8}{\376\377\000t\000i\000m\000e\000r\000E\000v\000e\000n\000t}{subsection.3.1.1}
\BOOKMARK [1][-]{section.3.2}{\376\377\000G\000r\000a\000p\000h\000W\000i\000n\000d\000o\000w\000\040\000C\000l\000a\000s\000s\000\040\000R\000e\000f\000e\000r\000e\000n\000c\000e}{chapter.3}
\BOOKMARK [1][-]{section.3.3}{\376\377\000U\000i\000:\000:\000M\000a\000i\000n\000W\000i\000n\000d\000o\000w\000\040\000C\000l\000a\000s\000s\000\040\000R\000e\000f\000e\000r\000e\000n\000c\000e}{chapter.3}
\BOOKMARK [1][-]{section.3.4}{\376\377\000M\000a\000i\000n\000W\000i\000n\000d\000o\000w\000\040\000C\000l\000a\000s\000s\000\040\000R\000e\000f\000e\000r\000e\000n\000c\000e}{chapter.3}
\BOOKMARK [1][-]{section.3.5}{\376\377\000M\000o\000t\000e\000P\000a\000c\000k\000e\000t\000\040\000C\000l\000a\000s\000s\000\040\000R\000e\000f\000e\000r\000e\000n\000c\000e}{chapter.3}
\BOOKMARK [1][-]{section.3.6}{\376\377\000M\000o\000t\000e\000R\000e\000a\000d\000i\000n\000g\000\040\000C\000l\000a\000s\000s\000\040\000R\000e\000f\000e\000r\000e\000n\000c\000e}{chapter.3}
\BOOKMARK [1][-]{section.3.7}{\376\377\000p\000a\000c\000k\000e\000t\000H\000a\000n\000d\000l\000e\000r\000\040\000C\000l\000a\000s\000s\000\040\000R\000e\000f\000e\000r\000e\000n\000c\000e}{chapter.3}
\BOOKMARK [2][-]{subsection.3.7.1}{\376\377\000M\000e\000m\000b\000e\000r\000\040\000F\000u\000n\000c\000t\000i\000o\000n\000\040\000D\000o\000c\000u\000m\000e\000n\000t\000a\000t\000i\000o\000n}{section.3.7}
\BOOKMARK [3][-]{subsubsection.3.7.1.1}{\376\377\000g\000e\000t\000N\000o\000d\000e\000L\000i\000s\000t}{subsection.3.7.1}
\BOOKMARK [3][-]{subsubsection.3.7.1.2}{\376\377\000g\000e\000t\000R\000e\000a\000d\000i\000n\000g}{subsection.3.7.1}
\BOOKMARK [1][-]{section.3.8}{\376\377\000U\000i\000\137\000M\000a\000i\000n\000W\000i\000n\000d\000o\000w\000\040\000C\000l\000a\000s\000s\000\040\000R\000e\000f\000e\000r\000e\000n\000c\000e}{chapter.3}
